[debug] [2024-06-26T08:52:31.966Z] ----------------------------------------------------------------------
[debug] [2024-06-26T08:52:31.969Z] Command:       C:\Program Files\nodejs\node.exe C:\Users\DeFra\AppData\Roaming\npm\node_modules\firebase-tools\lib\bin\firebase.js init
[debug] [2024-06-26T08:52:31.969Z] CLI Version:   13.11.4
[debug] [2024-06-26T08:52:31.969Z] Platform:      win32
[debug] [2024-06-26T08:52:31.969Z] Node Version:  v20.10.0
[debug] [2024-06-26T08:52:31.969Z] Time:          Wed Jun 26 2024 01:52:31 GMT-0700 (Mountain Standard Time)
[debug] [2024-06-26T08:52:31.970Z] ----------------------------------------------------------------------
[debug] 
[debug] [2024-06-26T08:52:31.975Z] > command requires scopes: ["email","openid","https://www.googleapis.com/auth/cloudplatformprojects.readonly","https://www.googleapis.com/auth/firebase","https://www.googleapis.com/auth/cloud-platform"]
[debug] [2024-06-26T08:52:31.975Z] > authorizing via signed-in user (mattyhammel17@gmail.com)
[info] 
     ######## #### ########  ######## ########     ###     ######  ########
     ##        ##  ##     ## ##       ##     ##  ##   ##  ##       ##
     ######    ##  ########  ######   ########  #########  ######  ######
     ##        ##  ##    ##  ##       ##     ## ##     ##       ## ##
     ##       #### ##     ## ######## ########  ##     ##  ######  ########

You're about to initialize a Firebase project in this directory:

  F:\BackDropV5\e-learning-platform\frontend

[info] 
=== Project Setup
[info] 
[info] First, let's associate this project directory with a Firebase project.
[info] You can create multiple project aliases by running firebase use --add, 
[info] but for now we'll just set up a default project.
[info] 
[debug] [2024-06-26T08:52:41.754Z] >>> [apiv2][query] GET https://firebase.googleapis.com/v1beta1/projects pageSize=100
[debug] [2024-06-26T08:52:42.334Z] <<< [apiv2][status] GET https://firebase.googleapis.com/v1beta1/projects 200
[debug] [2024-06-26T08:52:42.334Z] <<< [apiv2][body] GET https://firebase.googleapis.com/v1beta1/projects [omitted]
[info] i  Using project green-campaign-427512-s1 (e-learning-platform) 
[info] 
=== Hosting Setup
[debug] [2024-06-26T08:52:54.195Z] >>> [apiv2][query] GET https://firebase.googleapis.com/v1beta1/projects/green-campaign-427512-s1 [none]
[debug] [2024-06-26T08:52:54.783Z] <<< [apiv2][status] GET https://firebase.googleapis.com/v1beta1/projects/green-campaign-427512-s1 200
[debug] [2024-06-26T08:52:54.784Z] <<< [apiv2][body] GET https://firebase.googleapis.com/v1beta1/projects/green-campaign-427512-s1 {"projectId":"green-campaign-427512-s1","projectNumber":"393429546607","displayName":"e-learning-platform","name":"projects/green-campaign-427512-s1","resources":{"hostingSite":"green-campaign-427512-s1"},"state":"ACTIVE","etag":"1_6915f02d-95c4-4b93-9b84-8947ead5bf27"}
[info] 
[info] Your public directory is the folder (relative to your project directory) that
[info] will contain Hosting assets to be uploaded with firebase deploy. If you
[info] have a build process for your assets, use your build's output directory.
[info] 
[debug] [2024-06-26T08:53:11.595Z] >>> [apiv2][query] GET https://www.gstatic.com/firebasejs/releases.json [none]
[debug] [2024-06-26T08:53:11.909Z] <<< [apiv2][status] GET https://www.gstatic.com/firebasejs/releases.json 200
[debug] [2024-06-26T08:53:11.909Z] <<< [apiv2][body] GET https://www.gstatic.com/firebasejs/releases.json {"current":{"version":"10.12.2","browserURL":"https://www.gstatic.com/firebasejs/10.12.2/firebase.js","packageURL":"https://www.gstatic.com/firebasejs/10.12.2/firebase.tgz"},"live":{"version":"10.12","browserURL":"https://www.gstatic.com/firebasejs/live/10.12/firebase.js","packageURL":"https://www.gstatic.com/firebasejs/live/10.12/firebase.tgz"},"components":{"analytics":"https://www.gstatic.com/firebasejs/10.12.2/firebase-analytics.js","app":"https://www.gstatic.com/firebasejs/10.12.2/firebase-app.js","app-check":"https://www.gstatic.com/firebasejs/10.12.2/firebase-app-check.js","auth":"https://www.gstatic.com/firebasejs/10.12.2/firebase-auth.js","auth/cordova":"https://www.gstatic.com/firebasejs/10.12.2/firebase-auth/cordova.js","auth/web-extension":"https://www.gstatic.com/firebasejs/10.12.2/firebase-auth/web-extension.js","functions":"https://www.gstatic.com/firebasejs/10.12.2/firebase-functions.js","firestore":"https://www.gstatic.com/firebasejs/10.12.2/firebase-firestore.js","firestore/lite":"https://www.gstatic.com/firebasejs/10.12.2/firebase-firestore/lite.js","installations":"https://www.gstatic.com/firebasejs/10.12.2/firebase-installations.js","storage":"https://www.gstatic.com/firebasejs/10.12.2/firebase-storage.js","performance":"https://www.gstatic.com/firebasejs/10.12.2/firebase-performance.js","remote-config":"https://www.gstatic.com/firebasejs/10.12.2/firebase-remote-config.js","messaging":"https://www.gstatic.com/firebasejs/10.12.2/firebase-messaging.js","messaging/sw":"https://www.gstatic.com/firebasejs/10.12.2/firebase-messaging/sw.js","database":"https://www.gstatic.com/firebasejs/10.12.2/firebase-database.js","vertexai-preview":"https://www.gstatic.com/firebasejs/10.12.2/firebase-vertexai-preview.js","firestore.memory":"https://www.gstatic.com/firebasejs/10.12.2/firebase-firestore.memory.js"}}
[info] +  Wrote public/index.html 
[info] 
[info] i  Detected a .git folder at F:\BackDropV5\e-learning-platform 
[info] i  Authorizing with GitHub to upload your service account to a GitHub repository's secrets store. 
[info] 
[info] Visit this URL on this device to log in:
[info] https://github.com/login/oauth/authorize?client_id=89cf50f02ac6aaed3484&state=136694465&redirect_uri=http%3A%2F%2Flocalhost%3A9005&scope=read%3Auser%20repo%20public_repo
[info] 
[info] Waiting for authentication...
[debug] [2024-06-26T08:53:26.202Z] >>> [apiv2][query] POST https://github.com/login/oauth/access_token [none]
[debug] [2024-06-26T08:53:26.202Z] >>> [apiv2][body] POST https://github.com/login/oauth/access_token [stream]
[debug] [2024-06-26T08:53:26.652Z] <<< [apiv2][status] POST https://github.com/login/oauth/access_token 200
[debug] [2024-06-26T08:53:26.652Z] <<< [apiv2][body] POST https://github.com/login/oauth/access_token {"access_token":"","token_type":"bearer","scope":"read:user,repo"}
[debug] [2024-06-26T08:53:26.656Z] >>> [apiv2][query] GET https://api.github.com/user [none]
[debug] [2024-06-26T08:53:27.113Z] <<< [apiv2][status] GET https://api.github.com/user 200
[debug] [2024-06-26T08:53:27.114Z] <<< [apiv2][body] GET https://api.github.com/user {"login":"DeFragedGaming","id":29855313,"node_id":"MDQ6VXNlcjI5ODU1MzEz","avatar_url":"https://avatars.githubusercontent.com/u/29855313?v=4","gravatar_id":"","url":"https://api.github.com/users/DeFragedGaming","html_url":"https://github.com/DeFragedGaming","followers_url":"https://api.github.com/users/DeFragedGaming/followers","following_url":"https://api.github.com/users/DeFragedGaming/following{/other_user}","gists_url":"https://api.github.com/users/DeFragedGaming/gists{/gist_id}","starred_url":"https://api.github.com/users/DeFragedGaming/starred{/owner}{/repo}","subscriptions_url":"https://api.github.com/users/DeFragedGaming/subscriptions","organizations_url":"https://api.github.com/users/DeFragedGaming/orgs","repos_url":"https://api.github.com/users/DeFragedGaming/repos","events_url":"https://api.github.com/users/DeFragedGaming/events{/privacy}","received_events_url":"https://api.github.com/users/DeFragedGaming/received_events","type":"User","site_admin":false,"name":"Matthew Hammel","company":null,"blog":"https://devry-port.web.app","location":null,"email":"mattyhammel17@gmail.com","hireable":true,"bio":null,"twitter_username":null,"public_repos":65,"public_gists":0,"followers":9,"following":6,"created_at":"2017-07-03T07:22:28Z","updated_at":"2024-06-25T12:07:57Z","private_gists":0,"total_private_repos":3,"owned_private_repos":3,"disk_usage":112792,"collaborators":0,"two_factor_authentication":false,"plan":{"name":"free","space":976562499,"collaborators":0,"private_repos":10000}}
[info] 
[info] +  Success! Logged into GitHub as DeFragedGaming 
[info] 
[debug] [2024-06-26T08:53:48.297Z] >>> [apiv2][query] GET https://api.github.com/repos/repository/actions/secrets/public-key type=owner
[debug] [2024-06-26T08:53:48.870Z] <<< [apiv2][status] GET https://api.github.com/repos/repository/actions/secrets/public-key 404
[debug] [2024-06-26T08:53:48.870Z] <<< [apiv2][body] GET https://api.github.com/repos/repository/actions/secrets/public-key {"message":"Not Found","documentation_url":"https://docs.github.com/rest","status":"404"}
[info] 
[info] 
[error] !  The provided authorization cannot be used with this repository. If this repository is in an organization, did you remember to grant access? 
[info] 
[info] i  Action required: Visit this URL to ensure access has been granted to the appropriate organization(s) for the Firebase CLI GitHub OAuth App: 
[info] https://github.com/settings/connections/applications/89cf50f02ac6aaed3484
[info] 
[debug] [2024-06-26T08:54:09.817Z] >>> [apiv2][query] GET https://api.github.com/repos//actions/secrets/public-key type=owner
[debug] [2024-06-26T08:54:10.306Z] <<< [apiv2][status] GET https://api.github.com/repos//actions/secrets/public-key 404
[debug] [2024-06-26T08:54:10.306Z] <<< [apiv2][body] GET https://api.github.com/repos//actions/secrets/public-key {"message":"Not Found","documentation_url":"https://docs.github.com/rest","status":"404"}
[info] 
[info] 
[error] !  The provided authorization cannot be used with this repository. If this repository is in an organization, did you remember to grant access? 
[info] 
[info] i  Action required: Visit this URL to ensure access has been granted to the appropriate organization(s) for the Firebase CLI GitHub OAuth App: 
[info] https://github.com/settings/connections/applications/89cf50f02ac6aaed3484
[info] 
[debug] [2024-06-26T08:54:25.223Z] >>> [apiv2][query] GET https://api.github.com/repos/repository/actions/secrets/public-key type=owner
[debug] [2024-06-26T08:54:25.673Z] <<< [apiv2][status] GET https://api.github.com/repos/repository/actions/secrets/public-key 404
[debug] [2024-06-26T08:54:25.673Z] <<< [apiv2][body] GET https://api.github.com/repos/repository/actions/secrets/public-key {"message":"Not Found","documentation_url":"https://docs.github.com/rest","status":"404"}
[info] 
[info] 
[error] !  The provided authorization cannot be used with this repository. If this repository is in an organization, did you remember to grant access? 
[info] 
[info] i  Action required: Visit this URL to ensure access has been granted to the appropriate organization(s) for the Firebase CLI GitHub OAuth App: 
[info] https://github.com/settings/connections/applications/89cf50f02ac6aaed3484
[info] 
